<?xml version="1.0" encoding="UTF-8"?>
<!-- Generated by org.testng.reporters.JUnitReportReporter -->
<testsuite hostname="ZSCHN01LP0174" failures="0" tests="6" name="runners.MyTestRunner" time="11.622" errors="0" timestamp="2024-02-19T14:46:43 IST" skipped="0">
  <testcase classname="runners.MyTestRunner" name="runScenario" time="0.725"/>
  <system-out/>
  <testcase classname="runners.MyTestRunner" name="runScenario" time="0.883"/>
  <system-out/>
  <testcase classname="runners.MyTestRunner" name="runScenario" time="6.285"/>
  <system-out/>
  <testcase classname="runners.MyTestRunner" name="runScenario" time="1.473"/>
  <system-out/>
  <testcase classname="runners.MyTestRunner" name="runScenario" time="1.120"/>
  <system-out/>
  <testcase classname="runners.MyTestRunner" name="runScenario" time="1.136"/>
  <system-out/>
</testsuite> <!-- runners.MyTestRunner -->
