<?xml version="1.0" encoding="UTF-8"?>
<!-- Generated by org.testng.reporters.JUnitReportReporter -->
<testsuite hostname="ZSCHN01LP0174" failures="0" tests="6" name="runners.MyTestRunner" time="12.687" errors="0" timestamp="2024-02-19T14:31:13 IST" skipped="0">
  <testcase classname="runners.MyTestRunner" name="runScenario" time="0.740"/>
  <system-out/>
  <testcase classname="runners.MyTestRunner" name="runScenario" time="0.881"/>
  <system-out/>
  <testcase classname="runners.MyTestRunner" name="runScenario" time="7.191"/>
  <system-out/>
  <testcase classname="runners.MyTestRunner" name="runScenario" time="1.411"/>
  <system-out/>
  <testcase classname="runners.MyTestRunner" name="runScenario" time="1.275"/>
  <system-out/>
  <testcase classname="runners.MyTestRunner" name="runScenario" time="1.189"/>
  <system-out/>
</testsuite> <!-- runners.MyTestRunner -->
